{"uuid":"c04f74d8-2125-4a3f-8596-a7aa9d3a0adf","historyId":"5cdf59f535bacfe8a94f873870dd2a89","fullName":"src/test/java/features/login.feature:4","labels":[{"name":"tag","value":"happyScenario"},{"name":"host","value":"Mostafas-MacBook-Pro.local"},{"name":"thread","value":"18365@Mostafas-MacBook-Pro.local.main(1)"},{"name":"feature","value":"UserLoginSuccessfully"},{"name":"story","value":"To login with valid data"},{"name":"suite","value":"UserLoginSuccessfully"},{"name":"testClass","value":"To login with valid data"},{"name":"framework","value":"cucumber4jvm"},{"name":"language","value":"java"},{"name":"gherkin_uri","value":"file:///Users/darshfc/Documents/GitHub/Gopon_automation_testing/src/test/java/features/login.feature"},{"name":"package","value":"src.test.java.features.login_feature.UserLoginSuccessfully"}],"links":[],"name":"To login with valid data","status":"failed","statusDetails":{"known":false,"muted":false,"flaky":false,"message":"\n There is an error in user data \n expected [ABC DEF] but found [Mostafa Tester]","trace":"java.lang.AssertionError: \n There is an error in user data \n expected [ABC DEF] but found [Mostafa Tester]\n\tat org.testng.Assert.fail(Assert.java:111)\n\tat org.testng.Assert.failNotEquals(Assert.java:1578)\n\tat org.testng.Assert.assertEqualsImpl(Assert.java:150)\n\tat org.testng.Assert.assertEquals(Assert.java:132)\n\tat org.testng.Assert.assertEquals(Assert.java:656)\n\tat steps.UserLogin.User_should_navigate_to_home_page(UserLogin.java:43)\n\tat ✽.User should navigate to home page(file:///Users/darshfc/Documents/GitHub/Gopon_automation_testing/src/test/java/features/login.feature:7)\n"},"stage":"finished","steps":[{"name":"Given  User opens home page","status":"passed","statusDetails":{"known":false,"muted":false,"flaky":false},"stage":"finished","steps":[],"attachments":[],"parameters":[],"start":1706995690129,"stop":1706995692830},{"name":"When  User fill email \"mostafamahmoudaboads@gmail.com\" and password \"AB123456\" to can login","status":"passed","statusDetails":{"known":false,"muted":false,"flaky":false},"stage":"finished","steps":[],"attachments":[],"parameters":[],"start":1706995692831,"stop":1706995697571},{"name":"Then  User should navigate to home page","status":"failed","statusDetails":{"known":false,"muted":false,"flaky":false,"message":"\n There is an error in user data \n expected [ABC DEF] but found [Mostafa Tester]","trace":"java.lang.AssertionError: \n There is an error in user data \n expected [ABC DEF] but found [Mostafa Tester]\n\tat org.testng.Assert.fail(Assert.java:111)\n\tat org.testng.Assert.failNotEquals(Assert.java:1578)\n\tat org.testng.Assert.assertEqualsImpl(Assert.java:150)\n\tat org.testng.Assert.assertEquals(Assert.java:132)\n\tat org.testng.Assert.assertEquals(Assert.java:656)\n\tat steps.UserLogin.User_should_navigate_to_home_page(UserLogin.java:43)\n\tat ✽.User should navigate to home page(file:///Users/darshfc/Documents/GitHub/Gopon_automation_testing/src/test/java/features/login.feature:7)\n"},"stage":"finished","steps":[],"attachments":[],"parameters":[],"start":1706995697572,"stop":1706995699260}],"attachments":[],"parameters":[],"start":1706995681678,"stop":1706995699631}